Started HTTP and WebSocket JSON-RPC server at http://127.0.0.1:8545/

Accounts
========

WARNING: These accounts, and their private keys, are publicly known.
Any funds sent to them on Mainnet or any other live network WILL BE LOST.

Account #0: 0xf39fd6e51aad88f6f4ce6ab8827279cfffb92266 (10000 ETH)
Private Key: 0xac0974bec39a17e36ba4a6b4d238ff944bacb478cbed5efcae784d7bf4f2ff80

Account #1: 0x70997970c51812dc3a010c7d01b50e0d17dc79c8 (10000 ETH)
Private Key: 0x59c6995e998f97a5a0044966f0945389dc9e86dae88c7a8412f4603b6b78690d

Account #2: 0x3c44cdddb6a900fa2b585dd299e03d12fa4293bc (10000 ETH)
Private Key: 0x5de4111afa1a4b94908f83103eb1f1706367c2e68ca870fc3fb9a804cdab365a

Account #3: 0x90f79bf6eb2c4f870365e785982e1f101e93b906 (10000 ETH)
Private Key: 0x7c852118294e51e653712a81e05800f419141751be58f605c371e15141b007a6

Account #4: 0x15d34aaf54267db7d7c367839aaf71a00a2c6a65 (10000 ETH)
Private Key: 0x47e179ec197488593b187f80a00eb0da91f1b9d0b13f8733639f19c30a34926a

Account #5: 0x9965507d1a55bcc2695c58ba16fb37d819b0a4dc (10000 ETH)
Private Key: 0x8b3a350cf5c34c9194ca85829a2df0ec3153be0318b5e2d3348e872092edffba

Account #6: 0x976ea74026e726554db657fa54763abd0c3a0aa9 (10000 ETH)
Private Key: 0x92db14e403b83dfe3df233f83dfa3a0d7096f21ca9b0d6d6b8d88b2b4ec1564e

Account #7: 0x14dc79964da2c08b23698b3d3cc7ca32193d9955 (10000 ETH)
Private Key: 0x4bbbf85ce3377467afe5d46f804f221813b2bb87f24d81f60f1fcdbf7cbf4356

Account #8: 0x23618e81e3f5cdf7f54c3d65f7fbc0abf5b21e8f (10000 ETH)
Private Key: 0xdbda1821b80551c9d65939329250298aa3472ba22feea921c0cf5d620ea67b97

Account #9: 0xa0ee7a142d267c1f36714e4a8f75612f20a79720 (10000 ETH)
Private Key: 0x2a871d0798f97d79848a013d4936a73bf4cc922c825d33c1cf7073dff6d409c6

Account #10: 0xbcd4042de499d14e55001ccbb24a551f3b954096 (10000 ETH)
Private Key: 0xf214f2b2cd398c806f84e317254e0f0b801d0643303237d97a22a48e01628897

Account #11: 0x71be63f3384f5fb98995898a86b02fb2426c5788 (10000 ETH)
Private Key: 0x701b615bbdfb9de65240bc28bd21bbc0d996645a3dd57e7b12bc2bdf6f192c82

Account #12: 0xfabb0ac9d68b0b445fb7357272ff202c5651694a (10000 ETH)
Private Key: 0xa267530f49f8280200edf313ee7af6b827f2a8bce2897751d06a843f644967b1

Account #13: 0x1cbd3b2770909d4e10f157cabc84c7264073c9ec (10000 ETH)
Private Key: 0x47c99abed3324a2707c28affff1267e45918ec8c3f20b8aa892e8b065d2942dd

Account #14: 0xdf3e18d64bc6a983f673ab319ccae4f1a57c7097 (10000 ETH)
Private Key: 0xc526ee95bf44d8fc405a158bb884d9d1238d99f0612e9f33d006bb0789009aaa

Account #15: 0xcd3b766ccdd6ae721141f452c550ca635964ce71 (10000 ETH)
Private Key: 0x8166f546bab6da521a8369cab06c5d2b9e46670292d85c875ee9ec20e84ffb61

Account #16: 0x2546bcd3c84621e976d8185a91a922ae77ecec30 (10000 ETH)
Private Key: 0xea6c44ac03bff858b476bba40716402b03e41b8e97e276d1baec7c37d42484a0

Account #17: 0xbda5747bfd65f08deb54cb465eb87d40e51b197e (10000 ETH)
Private Key: 0x689af8efa8c651a91ad287602527f3af2fe9f6501a7ac4b061667b5a93e037fd

Account #18: 0xdd2fd4581271e230360230f9337d5c0430bf44c0 (10000 ETH)
Private Key: 0xde9be858da4a475276426320d5e9262ecfc3ba460bfac56360bfa6c4c28b4ee0

Account #19: 0x8626f6940e2eb28930efb4cef49b2d1f2c9c1199 (10000 ETH)
Private Key: 0xdf57089febbacf7ba0bc227dafbffa9fc08a93fdc68e1e42411a14efcf23656e

WARNING: These accounts, and their private keys, are publicly known.
Any funds sent to them on Mainnet or any other live network WILL BE LOST.

eth_chainId
net_version
net_version (2)
eth_getBlockByNumber
eth_accounts
eth_getBalance
eth_estimateGas
eth_sendTransaction
  Contract deployment: <UnrecognizedContract>
  Contract address:    0x5fbdb2315678afecb367f032d93f642f64180aa3
  Transaction:         0x38c5abfa33191eb94aed218cd0f9754d2749a2d1a34668da2a99b20974f79e3c
  From:                0xf39fd6e51aad88f6f4ce6ab8827279cfffb92266
  Value:               0 ETH
  Gas used:            1099524 of 5000000
  Block #1:            0x302b5e2d1a586b92e47e5df4eed04c134e3073d58430234b0f16d6b0b1dda849

eth_getTransactionReceipt
eth_getCode
eth_estimateGas
eth_sendTransaction
  Contract deployment: <UnrecognizedContract>
  Contract address:    0xe7f1725e7734ce288f8367e1bb143e90bb3f0512
  Transaction:         0xfbb62a8b407d16f3bb3c1473a291ad9692b4e8785848183ce20c02f725c6fb17
  From:                0xf39fd6e51aad88f6f4ce6ab8827279cfffb92266
  Value:               0 ETH
  Gas used:            1698080 of 5000000
  Block #2:            0xb3848aa330dea3453b279098b82230da89fff0990cc8189d23fe45a4c6f1a19b

eth_getTransactionReceipt
eth_getCode
eth_estimateGas
eth_sendTransaction
  Contract deployment: <UnrecognizedContract>
  Contract address:    0x9fe46736679d2d9a65f0992f2272de9f3c7fa6e0
  Transaction:         0x6636a92fa13cd7fea2ae381a91e9c3da4146c65412bf634986dd5f993dbdfc80
  From:                0xf39fd6e51aad88f6f4ce6ab8827279cfffb92266
  Value:               0 ETH
  Gas used:            1097463 of 5000000
  Block #3:            0xfdbd9a267eea459c4b33a0b304c74ab95f86fa17ccfde3091cebd79e0e2ac244

eth_getTransactionReceipt
eth_getCode
eth_estimateGas
eth_sendTransaction
  Contract deployment: <UnrecognizedContract>
  Contract address:    0xcf7ed3acca5a467e9e704c703e8d87f634fb0fc9
  Transaction:         0xff22ee127667721c8de765d9734604293491768adfe61ec8167d90365f0b7842
  From:                0xf39fd6e51aad88f6f4ce6ab8827279cfffb92266
  Value:               0 ETH
  Gas used:            3385011 of 5000000
  Block #4:            0x2e1a70c91828082f0751c1db8f17b7085a8bdef9c9510a0fbf546b3c252d24da

eth_getTransactionReceipt
eth_getCode
eth_estimateGas
eth_sendTransaction
  Contract deployment: <UnrecognizedContract>
  Contract address:    0xdc64a140aa3e981100a9beca4e685f962f0cf6c9
  Transaction:         0x257a82a9b87b7f5c1f382d187691a48e8debdeeae25147e0b99b3e1a4883f0d9
  From:                0xf39fd6e51aad88f6f4ce6ab8827279cfffb92266
  Value:               0 ETH
  Gas used:            340770 of 5000000
  Block #5:            0x4d4e5dea1bd84cb1dfb6089d61dd9e1101c5fe39a6b5ea530d041d1695c77438

eth_getTransactionReceipt
eth_getCode
eth_estimateGas
eth_sendTransaction
  Contract deployment: <UnrecognizedContract>
  Contract address:    0x5fc8d32690cc91d4c39d9d3abcbd16989f875707
  Transaction:         0x808ed0763182113e6acee0d1c88b8b176ef658f3a2f3da0c20bbb5f9b149b04d
  From:                0xf39fd6e51aad88f6f4ce6ab8827279cfffb92266
  Value:               0 ETH
  Gas used:            981451 of 5000000
  Block #6:            0xcacf35a2241449025ae77d55a99344563b2513bc7716b19df281f58248953cc9

eth_getTransactionReceipt
eth_getCode
eth_sendTransaction
  Contract call:       <UnrecognizedContract>
  Transaction:         0xdf75d28310ea44bfefc971070a18e8841f0f20c8dd4d980273556e736a2dc120
  From:                0xf39fd6e51aad88f6f4ce6ab8827279cfffb92266
  To:                  0x5fc8d32690cc91d4c39d9d3abcbd16989f875707
  Value:               0 ETH
  Gas used:            46104 of 5000000
  Block #7:            0xbbbd17f31646f4e003d5da83e05d4f6413164379ccc9c055011baf4efc87a0ca

eth_getTransactionReceipt
eth_sendTransaction
  Contract call:       <UnrecognizedContract>
  Transaction:         0xb2d012fc8bb9786d4acf92d359ade4f5a94f57fb466789e8ff393517f703e32b
  From:                0xf39fd6e51aad88f6f4ce6ab8827279cfffb92266
  To:                  0x5fc8d32690cc91d4c39d9d3abcbd16989f875707
  Value:               0 ETH
  Gas used:            46081 of 5000000
  Block #8:            0x5e8f4382e9657f375c682a497c9e78df7c18bb750963f444d5c708d177754b64

eth_getTransactionReceipt
eth_sendTransaction
  Contract call:       <UnrecognizedContract>
  Transaction:         0x0360d700de415164ef3ca3444e6dd81f1a577d154b60944d52f15642d34b9339
  From:                0xf39fd6e51aad88f6f4ce6ab8827279cfffb92266
  To:                  0x9fe46736679d2d9a65f0992f2272de9f3c7fa6e0
  Value:               0 ETH
  Gas used:            56973 of 5000000
  Block #9:            0x5db03243fa86926bc1f95c3110ebdb5c6a1a74f0c48ff1927ce87b69b3d2e8b2

eth_getTransactionReceipt
eth_sendTransaction
  Contract call:       <UnrecognizedContract>
  Transaction:         0x6d1650a9155f4feef0939dcfdb25544af79aabbdff9e614599cfab2df0587d6c
  From:                0xf39fd6e51aad88f6f4ce6ab8827279cfffb92266
  To:                  0x9fe46736679d2d9a65f0992f2272de9f3c7fa6e0
  Value:               0 ETH
  Gas used:            49382 of 5000000
  Block #10:           0x53a395ff1b8e71e11eef493d46155f8c1d1799e3ef93a69669807011a289ad57

eth_getTransactionReceipt
eth_accounts
eth_call
  Contract call:       <UnrecognizedContract>
  From:                0xf39fd6e51aad88f6f4ce6ab8827279cfffb92266
  To:                  0xcf7ed3acca5a467e9e704c703e8d87f634fb0fc9

eth_getBlockByNumber
eth_gasPrice
eth_sendTransaction
  Contract call:       <UnrecognizedContract>
  Transaction:         0x54d6a3515940a7746226ac689493d2cd588775b4c7d7f796a6aae425a4ff74b0
  From:                0xf39fd6e51aad88f6f4ce6ab8827279cfffb92266
  To:                  0xcf7ed3acca5a467e9e704c703e8d87f634fb0fc9
  Value:               1 ETH
  Gas used:            48128 of 30000000
  Block #11:           0x1617c42ca3e1d86115d73246d7f896b07191970f1b7137b11ccdf1a03b5119b9

eth_getTransactionReceipt
eth_call
  Contract call:       <UnrecognizedContract>
  From:                0xf39fd6e51aad88f6f4ce6ab8827279cfffb92266
  To:                  0xcf7ed3acca5a467e9e704c703e8d87f634fb0fc9

eth_chainId
net_version
net_version (2)
eth_getBlockByNumber
eth_getCode
eth_getLogs
eth_getLogs (2)
eth_getBalance
eth_call
  Contract call:       <UnrecognizedContract>
  From:                0xf39fd6e51aad88f6f4ce6ab8827279cfffb92266
  To:                  0x5fbdb2315678afecb367f032d93f642f64180aa3

eth_call
  Contract call:       <UnrecognizedContract>
  From:                0xf39fd6e51aad88f6f4ce6ab8827279cfffb92266
  To:                  0xcf7ed3acca5a467e9e704c703e8d87f634fb0fc9

eth_getBlockByNumber
eth_call
  Contract call:       <UnrecognizedContract>
  From:                0xf39fd6e51aad88f6f4ce6ab8827279cfffb92266
  To:                  0xcf7ed3acca5a467e9e704c703e8d87f634fb0fc9

eth_call
  Contract call:       <UnrecognizedContract>
  From:                0xf39fd6e51aad88f6f4ce6ab8827279cfffb92266
  To:                  0x5fbdb2315678afecb367f032d93f642f64180aa3

eth_getBalance
eth_sendTransaction
  Transaction:         0xeefaabf9e9298000c09301792cfc99cae721dece16890b81dc6c29d2309357ad
  From:                0xf39fd6e51aad88f6f4ce6ab8827279cfffb92266
  To:                  0xc81fe668e368f7199a7bcc0462f16780b8b4845c
  Value:               1 ETH
  Gas used:            21000 of 1000000
  Block #12:           0x22900827a14794878ca2e7ba7ae00468862b7d7825f71f893979343b121549a9

eth_blockNumber
eth_getTransactionReceipt
eth_gasPrice
eth_getBalance
eth_getLogs
eth_getLogs (2)
eth_getLogs (3)
eth_estimateGas
eth_blockNumber
eth_gasPrice
eth_getTransactionCount
eth_sendRawTransaction
  Contract call:       <UnrecognizedContract>
  Transaction:         0x8cbbdb8b97c5996fb90a61dc6946bd22495a6192ce77ce1bbe19c5c2eac65de1
  From:                0xc81fe668e368f7199a7bcc0462f16780b8b4845c
  To:                  0x5fbdb2315678afecb367f032d93f642f64180aa3
  Value:               0 ETH
  Gas used:            45826 of 45826
  Block #13:           0xcf60fa9ee9f9ade27076e6d8eb4c8f400d38b2e00500d936379bab29b06b3448

eth_call
  Contract call:       <UnrecognizedContract>
  From:                0xf39fd6e51aad88f6f4ce6ab8827279cfffb92266
  To:                  0xcf7ed3acca5a467e9e704c703e8d87f634fb0fc9

eth_blockNumber
eth_call
  Contract call:       <UnrecognizedContract>
  From:                0xf39fd6e51aad88f6f4ce6ab8827279cfffb92266
  To:                  0x5fbdb2315678afecb367f032d93f642f64180aa3

eth_getTransactionCount
eth_call
  Contract call:       <UnrecognizedContract>
  From:                0xf39fd6e51aad88f6f4ce6ab8827279cfffb92266
  To:                  0xcf7ed3acca5a467e9e704c703e8d87f634fb0fc9

eth_getTransactionByHash
eth_sendTransaction
  Contract call:       <UnrecognizedContract>
  Transaction:         0x84cdce57d27a8585dcc994793e48101b9449e959b17e590647e29bdc412f1d08
  From:                0xf39fd6e51aad88f6f4ce6ab8827279cfffb92266
  To:                  0x5fbdb2315678afecb367f032d93f642f64180aa3
  Value:               1 ETH
  Gas used:            71095 of 1000000
  Block #14:           0x3097f7e98d3e916c40f00408d514d896511cc99f0b8dda53c90a1b6e05eb244f

eth_blockNumber
eth_getTransactionReceipt
eth_call
  Contract call:       <UnrecognizedContract>
  From:                0xf39fd6e51aad88f6f4ce6ab8827279cfffb92266
  To:                  0x5fbdb2315678afecb367f032d93f642f64180aa3

eth_getTransactionCount
eth_sendTransaction
  Contract call:       <UnrecognizedContract>
  Transaction:         0x8a771b4b7bcf494fed98f4b53bc6eacaabd07412d973cf5abf68f7fcf6366f30
  From:                0xf39fd6e51aad88f6f4ce6ab8827279cfffb92266
  To:                  0x5fbdb2315678afecb367f032d93f642f64180aa3
  Value:               0 ETH
  Gas used:            48359 of 1000000
  Block #15:           0x4ffb0eebad5b223ae26b416efcb31b52c1371142fdd0f9e22cddab0e1d71ae67

eth_getTransactionReceipt
eth_blockNumber
eth_gasPrice
eth_getBalance
eth_getLogs
eth_getLogs (2)
eth_getLogs (3)
eth_call
  Contract call:       <UnrecognizedContract>
  From:                0xf39fd6e51aad88f6f4ce6ab8827279cfffb92266
  To:                  0x5fbdb2315678afecb367f032d93f642f64180aa3

eth_call
  Contract call:       <UnrecognizedContract>
  From:                0xf39fd6e51aad88f6f4ce6ab8827279cfffb92266
  To:                  0xcf7ed3acca5a467e9e704c703e8d87f634fb0fc9

eth_call
  Contract call:       <UnrecognizedContract>
  From:                0xf39fd6e51aad88f6f4ce6ab8827279cfffb92266
  To:                  0x5fbdb2315678afecb367f032d93f642f64180aa3

eth_call
  Contract call:       <UnrecognizedContract>
  From:                0xf39fd6e51aad88f6f4ce6ab8827279cfffb92266
  To:                  0xcf7ed3acca5a467e9e704c703e8d87f634fb0fc9

eth_blockNumber
eth_call
  Contract call:       <UnrecognizedContract>
  From:                0xf39fd6e51aad88f6f4ce6ab8827279cfffb92266
  To:                  0xcf7ed3acca5a467e9e704c703e8d87f634fb0fc9

eth_call
  Contract call:       <UnrecognizedContract>
  From:                0xf39fd6e51aad88f6f4ce6ab8827279cfffb92266
  To:                  0xcf7ed3acca5a467e9e704c703e8d87f634fb0fc9

eth_estimateGas
eth_blockNumber
eth_gasPrice
eth_getTransactionCount
eth_sendRawTransaction
  Contract call:       <UnrecognizedContract>
  Transaction:         0xb69f55042f8f53e1e992b9ca593e62f5d4cc653028173801f9c9c055a4549dd5
  From:                0xc81fe668e368f7199a7bcc0462f16780b8b4845c
  To:                  0xcf7ed3acca5a467e9e704c703e8d87f634fb0fc9
  Value:               0 ETH
  Gas used:            89098 of 89098
  Block #16:           0x691a9b305b0c48db61cdb2249cac4f6ac60a48d2d2b95a83ed54a3b4daa10cfc

eth_blockNumber
eth_estimateGas
eth_gasPrice
eth_getTransactionCount
eth_sendRawTransaction
  Contract call:       <UnrecognizedContract>
  Transaction:         0xc91070f96fa043c358387ecdba85a496f3673507dd2c467f6f0f2332c588ef1b
  From:                0xc81fe668e368f7199a7bcc0462f16780b8b4845c
  To:                  0xcf7ed3acca5a467e9e704c703e8d87f634fb0fc9
  Value:               0 ETH
  Gas used:            44337 of 44337
  Block #17:           0xcd3de9ece1aef26926834eafe7cf5d90520b5fcb8a77d7fb4037c0e8015356bb

eth_blockNumber
eth_getTransactionCount
eth_getTransactionByHash
eth_getTransactionByHash (2)
eth_getTransactionCount
eth_blockNumber
eth_gasPrice
eth_getBalance
eth_getLogs
eth_getLogs (2)
eth_getTransactionCount
eth_getTransactionCount (2)
eth_getBalance
eth_call
  Contract call:       <UnrecognizedContract>
  From:                0xf39fd6e51aad88f6f4ce6ab8827279cfffb92266
  To:                  0xcf7ed3acca5a467e9e704c703e8d87f634fb0fc9

eth_getBalance
eth_getBalance (2)
eth_gasPrice
eth_getTransactionCount
eth_sendRawTransaction
  Transaction:         0x44eec12471095785bb9ce7d9fa7a3068c4c96cd8abb5b5eebc26d2b2d7e999a7
  From:                0xc81fe668e368f7199a7bcc0462f16780b8b4845c
  To:                  0x6592e44bd25b22c33359e5782489b5da19b63f7c
  Value:               0.3 ETH
  Gas used:            21000 of 21000
  Block #18:           0x5e5946fd66809f6556ccfa50cd494eaa0ffd58da4ea6236e2063f27536ad267e

eth_blockNumber
eth_getBalance
eth_blockNumber
eth_gasPrice
eth_getBalance
eth_getLogs
eth_getLogs (2)
eth_getTransactionCount
eth_getTransactionByHash
eth_getTransactionCount
eth_getBalance
eth_call
  Contract call:       <UnrecognizedContract>
  From:                0xf39fd6e51aad88f6f4ce6ab8827279cfffb92266
  To:                  0xcf7ed3acca5a467e9e704c703e8d87f634fb0fc9

eth_getBalance
eth_getBalance (2)
eth_blockNumber
eth_blockNumber (2)
eth_blockNumber (3)
eth_blockNumber (4)
eth_blockNumber (5)
eth_blockNumber (6)
eth_blockNumber (7)
eth_blockNumber (8)
eth_blockNumber (9)
eth_blockNumber (10)
eth_blockNumber (11)
eth_blockNumber (12)
eth_blockNumber (13)
eth_blockNumber (14)
eth_blockNumber (15)
eth_blockNumber (16)
eth_blockNumber (17)
eth_blockNumber (18)
eth_blockNumber (19)
eth_blockNumber (20)
eth_blockNumber (21)
eth_blockNumber (22)
eth_blockNumber (23)
eth_blockNumber (24)
eth_blockNumber (25)
eth_blockNumber (26)
eth_blockNumber (27)
eth_blockNumber (28)
eth_blockNumber (29)
eth_blockNumber (30)
eth_blockNumber (31)
eth_blockNumber (32)
eth_blockNumber (33)
eth_blockNumber (34)
eth_blockNumber (35)
eth_blockNumber (36)
eth_blockNumber (37)
eth_blockNumber (38)
eth_blockNumber (39)
eth_blockNumber (40)
eth_blockNumber (41)
eth_blockNumber (42)
eth_blockNumber (43)
eth_blockNumber (44)
eth_blockNumber (45)
eth_blockNumber (46)
eth_blockNumber (47)
eth_blockNumber (48)
eth_blockNumber (49)
eth_blockNumber (50)
eth_blockNumber (51)
eth_blockNumber (52)
eth_call
  Contract call:       <UnrecognizedContract>
  From:                0xf39fd6e51aad88f6f4ce6ab8827279cfffb92266
  To:                  0x5fc8d32690cc91d4c39d9d3abcbd16989f875707

eth_call
  Contract call:       <UnrecognizedContract>
  From:                0xf39fd6e51aad88f6f4ce6ab8827279cfffb92266
  To:                  0x5fc8d32690cc91d4c39d9d3abcbd16989f875707

eth_call
  Contract call:       <UnrecognizedContract>
  From:                0xf39fd6e51aad88f6f4ce6ab8827279cfffb92266
  To:                  0x5fc8d32690cc91d4c39d9d3abcbd16989f875707

eth_blockNumber
eth_call
  Contract call:       <UnrecognizedContract>
  From:                0xf39fd6e51aad88f6f4ce6ab8827279cfffb92266
  To:                  0xcf7ed3acca5a467e9e704c703e8d87f634fb0fc9

eth_call
  Contract call:       <UnrecognizedContract>
  From:                0xf39fd6e51aad88f6f4ce6ab8827279cfffb92266
  To:                  0xcf7ed3acca5a467e9e704c703e8d87f634fb0fc9

eth_call
  Contract call:       <UnrecognizedContract>
  From:                0xf39fd6e51aad88f6f4ce6ab8827279cfffb92266
  To:                  0xcf7ed3acca5a467e9e704c703e8d87f634fb0fc9

eth_chainId
net_version
net_version (2)
eth_getBlockByNumber
eth_blockNumber
eth_chainId
eth_blockNumber
eth_chainId
eth_accounts
eth_chainId
eth_estimateGas
eth_blockNumber
eth_sendTransaction
  Contract deployment: Counter
  Contract address:    0x9a676e781a523b5d0c0e43731313a708cb607508
  Transaction:         0xae53930533e3c4e1239b798725dbfde4ce551aac3c1dc6cef6918d5ccfecc49b
  From:                0xf39fd6e51aad88f6f4ce6ab8827279cfffb92266
  Value:               0 ETH
  Gas used:            362750 of 362750
  Block #19:           0xc496b345ea752733218c06d2e81f2b48fc50547e0279b8b8f7ce8d6b5124e040

eth_chainId
eth_getTransactionByHash
eth_chainId
eth_getTransactionReceipt
eth_call
  Contract call:       <UnrecognizedContract>
  From:                0xf39fd6e51aad88f6f4ce6ab8827279cfffb92266
  To:                  0x5fc8d32690cc91d4c39d9d3abcbd16989f875707

eth_call
  Contract call:       <UnrecognizedContract>
  From:                0xf39fd6e51aad88f6f4ce6ab8827279cfffb92266
  To:                  0x5fc8d32690cc91d4c39d9d3abcbd16989f875707

eth_call
  Contract call:       <UnrecognizedContract>
  From:                0xf39fd6e51aad88f6f4ce6ab8827279cfffb92266
  To:                  0x5fc8d32690cc91d4c39d9d3abcbd16989f875707

eth_blockNumber
eth_call
  Contract call:       <UnrecognizedContract>
  From:                0xf39fd6e51aad88f6f4ce6ab8827279cfffb92266
  To:                  0xcf7ed3acca5a467e9e704c703e8d87f634fb0fc9

eth_call
  Contract call:       <UnrecognizedContract>
  From:                0xf39fd6e51aad88f6f4ce6ab8827279cfffb92266
  To:                  0xcf7ed3acca5a467e9e704c703e8d87f634fb0fc9

eth_gasPrice
eth_call
  Contract call:       <UnrecognizedContract>
  From:                0xf39fd6e51aad88f6f4ce6ab8827279cfffb92266
  To:                  0xcf7ed3acca5a467e9e704c703e8d87f634fb0fc9

eth_getBalance
eth_chainId
eth_getLogs
net_version
eth_getLogs
net_version
eth_getTransactionCount
eth_getBlockByNumber
eth_getTransactionCount
eth_blockNumber
eth_chainId
eth_chainId (2)
eth_getTransactionReceipt
eth_getBalance
eth_call
  Contract call:       <UnrecognizedContract>
  From:                0xf39fd6e51aad88f6f4ce6ab8827279cfffb92266
  To:                  0xcf7ed3acca5a467e9e704c703e8d87f634fb0fc9

eth_chainId
eth_getBalance
eth_call
  Contract call:       Counter#counter
  From:                0x19e7e376e7c213b7e7e7e46cc70a5dd086daff2a
  To:                  0x9a676e781a523b5d0c0e43731313a708cb607508

eth_getBalance
eth_blockNumber
eth_chainId
eth_blockNumber
eth_getLogs
eth_blockNumber
eth_getLogs
eth_getLogs (2)
eth_gasPrice
eth_blockNumber
eth_blockNumber (2)
eth_call
  Contract call:       <UnrecognizedContract>
  From:                0xf39fd6e51aad88f6f4ce6ab8827279cfffb92266
  To:                  0x9fe46736679d2d9a65f0992f2272de9f3c7fa6e0

eth_getTransactionCount
eth_getBlockByNumber
eth_getBalance
eth_call
  Contract call:       <UnrecognizedContract>
  From:                0x6592e44bd25b22c33359e5782489b5da19b63f7c
  To:                  0xcf7ed3acca5a467e9e704c703e8d87f634fb0fc9

eth_blockNumber
eth_blockNumber (2)
eth_blockNumber (3)
eth_blockNumber (4)
eth_blockNumber (5)
eth_getTransactionCount
eth_call
  Contract call:       <UnrecognizedContract>
  From:                0xf39fd6e51aad88f6f4ce6ab8827279cfffb92266
  To:                  0xcf7ed3acca5a467e9e704c703e8d87f634fb0fc9

eth_call
  Contract call:       <UnrecognizedContract>
  From:                0xf39fd6e51aad88f6f4ce6ab8827279cfffb92266
  To:                  0x5fc8d32690cc91d4c39d9d3abcbd16989f875707

eth_call
  Contract call:       <UnrecognizedContract>
  From:                0xf39fd6e51aad88f6f4ce6ab8827279cfffb92266
  To:                  0xcf7ed3acca5a467e9e704c703e8d87f634fb0fc9

eth_call
  Contract call:       <UnrecognizedContract>
  From:                0xf39fd6e51aad88f6f4ce6ab8827279cfffb92266
  To:                  0xcf7ed3acca5a467e9e704c703e8d87f634fb0fc9

eth_call
  Contract call:       <UnrecognizedContract>
  From:                0xf39fd6e51aad88f6f4ce6ab8827279cfffb92266
  To:                  0xcf7ed3acca5a467e9e704c703e8d87f634fb0fc9

eth_call
  Contract call:       <UnrecognizedContract>
  From:                0x6592e44bd25b22c33359e5782489b5da19b63f7c
  To:                  0xcf7ed3acca5a467e9e704c703e8d87f634fb0fc9

eth_blockNumber
eth_blockNumber (2)
eth_getTransactionCount
eth_sendRawTransaction
  Contract call:       <UnrecognizedContract>
  Transaction:         0x6bd4c50a1b4f50e17eb04af4d5206b13da1af595753579283afc6272cfd4a364
  From:                0x6592e44bd25b22c33359e5782489b5da19b63f7c
  To:                  0xcf7ed3acca5a467e9e704c703e8d87f634fb0fc9
  Value:               0 ETH
  Gas used:            230028 of 1486764
  Block #20:           0x68d5eaff1c9dcab12ad482ac79a42b865eed9314ee675c4c08f11f1e4794f1c4

eth_blockNumber
eth_blockNumber (2)
eth_getBalance
eth_gasPrice
eth_call
  Contract call:       <UnrecognizedContract>
  From:                0xf39fd6e51aad88f6f4ce6ab8827279cfffb92266
  To:                  0xcf7ed3acca5a467e9e704c703e8d87f634fb0fc9

eth_getBalance
eth_getBalance (2)
eth_getLogs
eth_blockNumber
eth_getLogs
eth_getTransactionReceipt
eth_getBlockByNumber
eth_getTransactionCount
eth_getTransactionByHash
eth_chainId
eth_getTransactionByHash
eth_getTransactionCount
eth_getTransactionCount (2)
eth_chainId
eth_call
  Contract call:       Counter#counter
  From:                0x19e7e376e7c213b7e7e7e46cc70a5dd086daff2a
  To:                  0x9a676e781a523b5d0c0e43731313a708cb607508

eth_getTransactionCount
eth_chainId
eth_getBalance
eth_getBalance (2)
eth_call
  Contract call:       <UnrecognizedContract>
  From:                0xf39fd6e51aad88f6f4ce6ab8827279cfffb92266
  To:                  0xcf7ed3acca5a467e9e704c703e8d87f634fb0fc9

eth_blockNumber
eth_chainId
eth_getBalance
eth_call
  Contract call:       Counter#lastCaller
  From:                0x19e7e376e7c213b7e7e7e46cc70a5dd086daff2a
  To:                  0x9a676e781a523b5d0c0e43731313a708cb607508

eth_getBalance
eth_blockNumber
eth_blockNumber (2)
